<?xml version="1.0" encoding="UTF-8"?>
<testng-results skipped="0" failed="1" ignored="0" total="2" passed="1">
  <reporter-output>
  </reporter-output>
  <suite name="Suite" duration-ms="18282" started-at="2021-02-06T12:59:33Z" finished-at="2021-02-06T12:59:52Z">
    <groups>
    </groups>
    <test name="Test" duration-ms="18282" started-at="2021-02-06T12:59:33Z" finished-at="2021-02-06T12:59:52Z">
      <class name="com.reporting.allure.Allure_Testng.Page_WebShopDemo">
        <test-method status="PASS" signature="beforeSuite()[pri:0, instance:com.reporting.allure.Allure_Testng.Page_WebShopDemo@62417a16]" name="beforeSuite" is-config="true" duration-ms="178" started-at="2021-02-06T12:59:33Z" finished-at="2021-02-06T12:59:33Z">
          <reporter-output>
          </reporter-output>
        </test-method> <!-- beforeSuite -->
        <test-method status="PASS" signature="beforeTest()[pri:0, instance:com.reporting.allure.Allure_Testng.Page_WebShopDemo@62417a16]" name="beforeTest" is-config="true" duration-ms="1" started-at="2021-02-06T12:59:33Z" finished-at="2021-02-06T12:59:33Z">
          <reporter-output>
          </reporter-output>
        </test-method> <!-- beforeTest -->
        <test-method status="PASS" signature="beforeClass()[pri:0, instance:com.reporting.allure.Allure_Testng.Page_WebShopDemo@62417a16]" name="beforeClass" is-config="true" duration-ms="8620" started-at="2021-02-06T12:59:33Z" finished-at="2021-02-06T12:59:42Z">
          <reporter-output>
          </reporter-output>
        </test-method> <!-- beforeClass -->
        <test-method status="PASS" signature="beforeMethod()[pri:0, instance:com.reporting.allure.Allure_Testng.Page_WebShopDemo@62417a16]" name="beforeMethod" is-config="true" duration-ms="1" started-at="2021-02-06T12:59:42Z" finished-at="2021-02-06T12:59:42Z">
          <reporter-output>
          </reporter-output>
        </test-method> <!-- beforeMethod -->
        <test-method status="PASS" signature="webShopLogin()[pri:0, instance:com.reporting.allure.Allure_Testng.Page_WebShopDemo@62417a16]" name="webShopLogin" duration-ms="9268" started-at="2021-02-06T12:59:42Z" finished-at="2021-02-06T12:59:51Z">
          <reporter-output>
          </reporter-output>
        </test-method> <!-- webShopLogin -->
        <test-method status="PASS" signature="afterMethod()[pri:0, instance:com.reporting.allure.Allure_Testng.Page_WebShopDemo@62417a16]" name="afterMethod" is-config="true" duration-ms="2" started-at="2021-02-06T12:59:51Z" finished-at="2021-02-06T12:59:51Z">
          <reporter-output>
          </reporter-output>
        </test-method> <!-- afterMethod -->
        <test-method status="PASS" signature="afterClass()[pri:0, instance:com.reporting.allure.Allure_Testng.Page_WebShopDemo@62417a16]" name="afterClass" is-config="true" duration-ms="253" started-at="2021-02-06T12:59:51Z" finished-at="2021-02-06T12:59:52Z">
          <reporter-output>
          </reporter-output>
        </test-method> <!-- afterClass -->
        <test-method status="PASS" signature="afterTest()[pri:0, instance:com.reporting.allure.Allure_Testng.Page_WebShopDemo@62417a16]" name="afterTest" is-config="true" duration-ms="1" started-at="2021-02-06T12:59:52Z" finished-at="2021-02-06T12:59:52Z">
          <reporter-output>
          </reporter-output>
        </test-method> <!-- afterTest -->
        <test-method status="PASS" signature="afterSuite()[pri:0, instance:com.reporting.allure.Allure_Testng.Page_WebShopDemo@62417a16]" name="afterSuite" is-config="true" duration-ms="2" started-at="2021-02-06T12:59:52Z" finished-at="2021-02-06T12:59:52Z">
          <reporter-output>
          </reporter-output>
        </test-method> <!-- afterSuite -->
      </class> <!-- com.reporting.allure.Allure_Testng.Page_WebShopDemo -->
      <class name="com.reporting.allure.Allure_Testng.Test_Selenium_Grid">
        <test-method status="FAIL" signature="initiate_remote_driver()[pri:0, instance:com.reporting.allure.Allure_Testng.Test_Selenium_Grid@32057e6]" name="initiate_remote_driver" duration-ms="5879" started-at="2021-02-06T12:59:33Z" finished-at="2021-02-06T12:59:39Z">
          <exception class="org.openqa.selenium.remote.UnreachableBrowserException">
            <message>
              <![CDATA[Could not start a new session. Possible causes are invalid address of the remote server or browser start-up failure.
Build info: version: '3.141.59', revision: 'e82be7d358', time: '2018-11-14T08:17:03'
System info: host: 'LAPTOP-OJ95ICP5', ip: '192.168.137.1', os.name: 'Windows 10', os.arch: 'amd64', os.version: '10.0', java.version: '1.8.0_221'
Driver info: driver.version: RemoteWebDriver]]>
            </message>
            <full-stacktrace>
              <![CDATA[org.openqa.selenium.remote.UnreachableBrowserException: Could not start a new session. Possible causes are invalid address of the remote server or browser start-up failure.
Build info: version: '3.141.59', revision: 'e82be7d358', time: '2018-11-14T08:17:03'
System info: host: 'LAPTOP-OJ95ICP5', ip: '192.168.137.1', os.name: 'Windows 10', os.arch: 'amd64', os.version: '10.0', java.version: '1.8.0_221'
Driver info: driver.version: RemoteWebDriver
at org.openqa.selenium.remote.RemoteWebDriver.execute(RemoteWebDriver.java:573)
at org.openqa.selenium.remote.RemoteWebDriver.startSession(RemoteWebDriver.java:213)
at org.openqa.selenium.remote.RemoteWebDriver.<init>(RemoteWebDriver.java:131)
at org.openqa.selenium.remote.RemoteWebDriver.<init>(RemoteWebDriver.java:144)
at com.reporting.allure.Allure_Testng.Test_Selenium_Grid.ConnectGrid(Test_Selenium_Grid.java:23)
at com.reporting.allure.Allure_Testng.Test_Selenium_Grid.initiate_remote_driver(Test_Selenium_Grid.java:41)
at sun.reflect.NativeMethodAccessorImpl.invoke0(Native Method)
at sun.reflect.NativeMethodAccessorImpl.invoke(NativeMethodAccessorImpl.java:62)
at sun.reflect.DelegatingMethodAccessorImpl.invoke(DelegatingMethodAccessorImpl.java:43)
at java.lang.reflect.Method.invoke(Method.java:498)
at org.testng.internal.MethodInvocationHelper.invokeMethod(MethodInvocationHelper.java:124)
at org.testng.internal.Invoker.invokeMethod(Invoker.java:583)
at org.testng.internal.Invoker.invokeTestMethod(Invoker.java:719)
at org.testng.internal.Invoker.invokeTestMethods(Invoker.java:989)
at org.testng.internal.TestMethodWorker.invokeTestMethods(TestMethodWorker.java:125)
at org.testng.internal.TestMethodWorker.run(TestMethodWorker.java:109)
at java.util.concurrent.ThreadPoolExecutor.runWorker(ThreadPoolExecutor.java:1149)
at java.util.concurrent.ThreadPoolExecutor$Worker.run(ThreadPoolExecutor.java:624)
at java.lang.Thread.run(Thread.java:748)
Caused by: java.net.ConnectException: Failed to connect to /192.168.225.65:4444
at okhttp3.internal.connection.RealConnection.connectSocket(RealConnection.java:247)
at okhttp3.internal.connection.RealConnection.connect(RealConnection.java:165)
at okhttp3.internal.connection.StreamAllocation.findConnection(StreamAllocation.java:257)
at okhttp3.internal.connection.StreamAllocation.findHealthyConnection(StreamAllocation.java:135)
at okhttp3.internal.connection.StreamAllocation.newStream(StreamAllocation.java:114)
at okhttp3.internal.connection.ConnectInterceptor.intercept(ConnectInterceptor.java:42)
at okhttp3.internal.http.RealInterceptorChain.proceed(RealInterceptorChain.java:147)
at okhttp3.internal.http.RealInterceptorChain.proceed(RealInterceptorChain.java:121)
at okhttp3.internal.cache.CacheInterceptor.intercept(CacheInterceptor.java:93)
at okhttp3.internal.http.RealInterceptorChain.proceed(RealInterceptorChain.java:147)
at okhttp3.internal.http.RealInterceptorChain.proceed(RealInterceptorChain.java:121)
at okhttp3.internal.http.BridgeInterceptor.intercept(BridgeInterceptor.java:93)
at okhttp3.internal.http.RealInterceptorChain.proceed(RealInterceptorChain.java:147)
at okhttp3.internal.http.RetryAndFollowUpInterceptor.intercept(RetryAndFollowUpInterceptor.java:126)
at okhttp3.internal.http.RealInterceptorChain.proceed(RealInterceptorChain.java:147)
at okhttp3.internal.http.RealInterceptorChain.proceed(RealInterceptorChain.java:121)
at okhttp3.RealCall.getResponseWithInterceptorChain(RealCall.java:200)
at okhttp3.RealCall.execute(RealCall.java:77)
at org.openqa.selenium.remote.internal.OkHttpClient.execute(OkHttpClient.java:103)
at org.openqa.selenium.remote.ProtocolHandshake.createSession(ProtocolHandshake.java:105)
at org.openqa.selenium.remote.ProtocolHandshake.createSession(ProtocolHandshake.java:74)
at org.openqa.selenium.remote.HttpCommandExecutor.execute(HttpCommandExecutor.java:136)
at org.openqa.selenium.remote.RemoteWebDriver.execute(RemoteWebDriver.java:552)
... 18 more
Caused by: java.net.ConnectException: Connection refused: connect
at java.net.DualStackPlainSocketImpl.waitForConnect(Native Method)
at java.net.DualStackPlainSocketImpl.socketConnect(DualStackPlainSocketImpl.java:85)
at java.net.AbstractPlainSocketImpl.doConnect(AbstractPlainSocketImpl.java:350)
at java.net.AbstractPlainSocketImpl.connectToAddress(AbstractPlainSocketImpl.java:206)
at java.net.AbstractPlainSocketImpl.connect(AbstractPlainSocketImpl.java:188)
at java.net.PlainSocketImpl.connect(PlainSocketImpl.java:172)
at java.net.SocksSocketImpl.connect(SocksSocketImpl.java:392)
at java.net.Socket.connect(Socket.java:589)
at okhttp3.internal.platform.Platform.connectSocket(Platform.java:129)
at okhttp3.internal.connection.RealConnection.connectSocket(RealConnection.java:245)
... 40 more
]]>
            </full-stacktrace>
          </exception> <!-- org.openqa.selenium.remote.UnreachableBrowserException -->
          <reporter-output>
          </reporter-output>
        </test-method> <!-- initiate_remote_driver -->
      </class> <!-- com.reporting.allure.Allure_Testng.Test_Selenium_Grid -->
    </test> <!-- Test -->
  </suite> <!-- Suite -->
</testng-results>
